#
# There is insufficient memory for the Java Runtime Environment to continue.
# Native memory allocation (mmap) failed to map 23068672 bytes for Failed to commit area from 0x0000000086c00000 to 0x0000000088200000 of length 23068672.
# Possible reasons:
#   The system is out of physical RAM or swap space
#   The process is running with CompressedOops enabled, and the Java Heap may be blocking the growth of the native heap
# Possible solutions:
#   Reduce memory load on the system
#   Increase physical memory or swap space
#   Check if swap backing store is full
#   Decrease Java heap size (-Xmx/-Xms)
#   Decrease number of Java threads
#   Decrease Java thread stack sizes (-Xss)
#   Set larger code cache with -XX:ReservedCodeCacheSize=
#   JVM is running with Unscaled Compressed Oops mode in which the Java heap is
#     placed in the first 4GB address space. The Java Heap base address is the
#     maximum limit for the native heap growth. Please use -XX:HeapBaseMinAddress
#     to set the Java Heap base and to place the Java Heap above 4GB virtual address.
# This output file may be truncated or incomplete.
#
#  Out of Memory Error (./src/hotspot/os/windows/os_windows.cpp:3521), pid=1284, tid=8120
#
# JRE version: OpenJDK Runtime Environment (11.0.12+7) (build 11.0.12+7-b1504.28-7817840)
# Java VM: OpenJDK 64-Bit Server VM (11.0.12+7-b1504.28-7817840, mixed mode, tiered, compressed oops, g1 gc, windows-amd64)
# No core dump will be written. Minidumps are not enabled by default on client versions of Windows
#

---------------  S U M M A R Y ------------

Command Line: --add-opens=java.base/java.util=ALL-UNNAMED --add-opens=java.base/java.lang=ALL-UNNAMED --add-opens=java.base/java.lang.invoke=ALL-UNNAMED --add-opens=java.base/java.util=ALL-UNNAMED --add-opens=java.prefs/java.util.prefs=ALL-UNNAMED --add-opens=java.prefs/java.util.prefs=ALL-UNNAMED --add-opens=java.base/java.nio.charset=ALL-UNNAMED --add-opens=java.base/java.net=ALL-UNNAMED --add-opens=java.base/java.util.concurrent.atomic=ALL-UNNAMED -Xmx2048m -Dfile.encoding=UTF-8 -Duser.country=RU -Duser.language=ru -Duser.variant org.gradle.launcher.daemon.bootstrap.GradleDaemon 7.3.3

Host: Intel(R) Core(TM) i5-7200U CPU @ 2.50GHz, 4 cores, 3G,  Windows 10 , 64 bit Build 19041 (10.0.19041.1741)
Time: Thu Jun 23 21:22:00 2022 RTZ 2 (зима) elapsed time: 15.573423 seconds (0d 0h 0m 15s)

---------------  T H R E A D  ---------------

Current thread (0x000001eecb25d800):  VMThread "VM Thread" [stack: 0x0000009b68300000,0x0000009b68400000] [id=8120]

Stack: [0x0000009b68300000,0x0000009b68400000]
[error occurred during error reporting (printing stack bounds), id 0xc0000005, EXCEPTION_ACCESS_VIOLATION (0xc0000005) at pc=0x000001eeb51b112d]

Native frames: (J=compiled Java code, j=interpreted, Vv=VM code, C=native code)
V  [jvm.dll+0x5fbcea]
V  [jvm.dll+0x731905]
V  [jvm.dll+0x732f1d]
V  [jvm.dll+0x733535]
V  [jvm.dll+0x7334eb]
V  [jvm.dll+0x5fb080]
V  [jvm.dll+0x5fb818]
C  [ntdll.dll+0xa209f]
C  [ntdll.dll+0x51454]
C  [ntdll.dll+0xa0bce]
C  0x000001eeb51b112d

VM_Operation (0x0000009b695eef60): G1CollectForAllocation, mode: safepoint, requested by thread 0x000001eece002800


---------------  P R O C E S S  ---------------

Threads class SMR info:
_java_thread_list=0x000001eecd3cb040, length=77, elements={
0x000001eeb16a2800, 0x000001eecb261800, 0x000001eecb264800, 0x000001eecb283000,
0x000001eecb284000, 0x000001eecb287800, 0x000001eecb2d3800, 0x000001eecb2d6000,
0x000001eecbbf0800, 0x000001eecbd66000, 0x000001eecdd9f800, 0x000001eecd6cd800,
0x000001eecdd0d800, 0x000001eecd604000, 0x000001eecdc26800, 0x000001eecdc9b000,
0x000001eece002800, 0x000001eeccc71000, 0x000001eecc25d800, 0x000001eecd523800,
0x000001eecd526800, 0x000001eecd524000, 0x000001eecd521000, 0x000001eecd527800,
0x000001eecd521800, 0x000001eecd525000, 0x000001eecd522800, 0x000001eecd526000,
0x000001eecff3f800, 0x000001eecff40800, 0x000001eecff41800, 0x000001eecff42000,
0x000001eecff3e000, 0x000001eecff43000, 0x000001eecff44000, 0x000001eecff46000,
0x000001eecff48800, 0x000001eecff4b000, 0x000001eecff47000, 0x000001eecff48000,
0x000001eecff45800, 0x000001eecff49800, 0x000001eecff4a800, 0x000001eecff4c000,
0x000001eecff4c800, 0x000001eed0b04000, 0x000001eed0b02800, 0x000001eed0b05000,
0x000001eed0b03000, 0x000001eed0aff000, 0x000001eed0b05800, 0x000001eed0b00000,
0x000001eed0b00800, 0x000001eed0b01800, 0x000001eed0b07000, 0x000001eed0b09800,
0x000001eed0b08000, 0x000001eed0b0b800, 0x000001eed0b0a800, 0x000001eed0b09000,
0x000001eed0b0c000, 0x000001eed0b06800, 0x000001eed0b0d000, 0x000001eed0b0e000,
0x000001eed0b11800, 0x000001eed0b12800, 0x000001eed0b10800, 0x000001eed0b13000,
0x000001eed0b15000, 0x000001eed0b14000, 0x000001eed0b0f000, 0x000001eed0b15800,
0x000001eed0b10000, 0x000001eed0b19800, 0x000001eed0b18000, 0x000001eed0b1b800,
0x000001eed0b1a800
}

Java Threads: ( => current thread )
  0x000001eeb16a2800 JavaThread "main" [_thread_blocked, id=3356, stack(0x0000009b67d00000,0x0000009b67e00000)]
  0x000001eecb261800 JavaThread "Reference Handler" daemon [_thread_blocked, id=14216, stack(0x0000009b68400000,0x0000009b68500000)]
  0x000001eecb264800 JavaThread "Finalizer" daemon [_thread_blocked, id=10448, stack(0x0000009b68500000,0x0000009b68600000)]
  0x000001eecb283000 JavaThread "Signal Dispatcher" daemon [_thread_blocked, id=6152, stack(0x0000009b68600000,0x0000009b68700000)]
  0x000001eecb284000 JavaThread "Attach Listener" daemon [_thread_blocked, id=13948, stack(0x0000009b68700000,0x0000009b68800000)]
  0x000001eecb287800 JavaThread "Service Thread" daemon [_thread_blocked, id=7956, stack(0x0000009b68800000,0x0000009b68900000)]
  0x000001eecb2d3800 JavaThread "C2 CompilerThread0" daemon [_thread_blocked, id=10204, stack(0x0000009b68900000,0x0000009b68a00000)]
  0x000001eecb2d6000 JavaThread "C1 CompilerThread0" daemon [_thread_blocked, id=15340, stack(0x0000009b68a00000,0x0000009b68b00000)]
  0x000001eecbbf0800 JavaThread "Sweeper thread" daemon [_thread_blocked, id=14128, stack(0x0000009b68b00000,0x0000009b68c00000)]
  0x000001eecbd66000 JavaThread "Common-Cleaner" daemon [_thread_blocked, id=13292, stack(0x0000009b68c00000,0x0000009b68d00000)]
  0x000001eecdd9f800 JavaThread "Daemon health stats" [_thread_blocked, id=13108, stack(0x0000009b68f00000,0x0000009b69000000)]
  0x000001eecd6cd800 JavaThread "Incoming local TCP Connector on port 55156" [_thread_in_native, id=6920, stack(0x0000009b69000000,0x0000009b69100000)]
  0x000001eecdd0d800 JavaThread "Daemon periodic checks" [_thread_blocked, id=7544, stack(0x0000009b69100000,0x0000009b69200000)]
  0x000001eecd604000 JavaThread "Daemon" [_thread_blocked, id=12176, stack(0x0000009b69200000,0x0000009b69300000)]
  0x000001eecdc26800 JavaThread "Handler for socket connection from /127.0.0.1:55156 to /127.0.0.1:55157" [_thread_in_native, id=11288, stack(0x0000009b69300000,0x0000009b69400000)]
  0x000001eecdc9b000 JavaThread "Cancel handler" [_thread_blocked, id=7292, stack(0x0000009b69400000,0x0000009b69500000)]
  0x000001eece002800 JavaThread "Daemon worker" [_thread_blocked, id=15036, stack(0x0000009b69500000,0x0000009b69600000)]
  0x000001eeccc71000 JavaThread "Asynchronous log dispatcher for DefaultDaemonConnection: socket connection from /127.0.0.1:55156 to /127.0.0.1:55157" [_thread_blocked, id=1416, stack(0x0000009b69600000,0x0000009b69700000)]
  0x000001eecc25d800 JavaThread "Stdin handler" [_thread_blocked, id=12092, stack(0x0000009b69700000,0x0000009b69800000)]
  0x000001eecd523800 JavaThread "Daemon client event forwarder" [_thread_blocked, id=15108, stack(0x0000009b69800000,0x0000009b69900000)]
  0x000001eecd526800 JavaThread "Cache worker for journal cache (C:\Users\daian\.gradle\caches\journal-1)" [_thread_blocked, id=396, stack(0x0000009b69b00000,0x0000009b69c00000)]
  0x000001eecd524000 JavaThread "File lock request listener" [_thread_in_native, id=2480, stack(0x0000009b69c00000,0x0000009b69d00000)]
  0x000001eecd521000 JavaThread "Cache worker for file hash cache (C:\Users\daian\.gradle\caches\7.3.3\fileHashes)" [_thread_blocked, id=10232, stack(0x0000009b69d00000,0x0000009b69e00000)]
  0x000001eecd527800 JavaThread "Cache worker for file hash cache (C:\Users\daian\AndroidStudioProjects\TimeToCook\.gradle\7.3.3\fileHashes)" [_thread_blocked, id=2684, stack(0x0000009b69e00000,0x0000009b69f00000)]
  0x000001eecd521800 JavaThread "File watcher server" daemon [_thread_in_native, id=3680, stack(0x0000009b69f00000,0x0000009b6a000000)]
  0x000001eecd525000 JavaThread "File watcher consumer" daemon [_thread_blocked, id=7300, stack(0x0000009b6a000000,0x0000009b6a100000)]
  0x000001eecd522800 JavaThread "jar transforms" [_thread_blocked, id=2752, stack(0x0000009b6a100000,0x0000009b6a200000)]
  0x000001eecd526000 JavaThread "jar transforms Thread 2" [_thread_blocked, id=8176, stack(0x0000009b6a200000,0x0000009b6a300000)]
  0x000001eecff3f800 JavaThread "jar transforms Thread 3" [_thread_blocked, id=9468, stack(0x0000009b6a300000,0x0000009b6a400000)]
  0x000001eecff40800 JavaThread "jar transforms Thread 4" [_thread_blocked, id=7984, stack(0x0000009b6a400000,0x0000009b6a500000)]
  0x000001eecff41800 JavaThread "Cache worker for checksums cache (C:\Users\daian\AndroidStudioProjects\TimeToCook\.gradle\7.3.3\checksums)" [_thread_blocked, id=9900, stack(0x0000009b6a500000,0x0000009b6a600000)]
  0x000001eecff42000 JavaThread "Cache worker for cache directory md-supplier (C:\Users\daian\.gradle\caches\7.3.3\md-supplier)" [_thread_blocked, id=9092, stack(0x0000009b6a600000,0x0000009b6a700000)]
  0x000001eecff3e000 JavaThread "Cache worker for cache directory md-rule (C:\Users\daian\.gradle\caches\7.3.3\md-rule)" [_thread_blocked, id=12484, stack(0x0000009b6a700000,0x0000009b6a800000)]
  0x000001eecff43000 JavaThread "Cache worker for execution history cache (C:\Users\daian\.gradle\caches\7.3.3\executionHistory)" [_thread_blocked, id=5668, stack(0x0000009b6a800000,0x0000009b6a900000)]
  0x000001eecff44000 JavaThread "Cache worker for file content cache (C:\Users\daian\.gradle\caches\7.3.3\fileContent)" [_thread_blocked, id=4564, stack(0x0000009b6a900000,0x0000009b6aa00000)]
  0x000001eecff46000 JavaThread "Cache worker for dependencies-accessors (C:\Users\daian\AndroidStudioProjects\TimeToCook\.gradle\7.3.3\dependencies-accessors)" [_thread_blocked, id=4008, stack(0x0000009b6aa00000,0x0000009b6ab00000)]
  0x000001eecff48800 JavaThread "Cache worker for Build Output Cleanup Cache (C:\Users\daian\AndroidStudioProjects\TimeToCook\.gradle\buildOutputCleanup)" [_thread_blocked, id=14344, stack(0x0000009b6ab00000,0x0000009b6ac00000)]
  0x000001eecff4b000 JavaThread "Unconstrained build operations" [_thread_blocked, id=3320, stack(0x0000009b6ac00000,0x0000009b6ad00000)]
  0x000001eecff47000 JavaThread "Unconstrained build operations Thread 2" [_thread_blocked, id=5252, stack(0x0000009b6ad00000,0x0000009b6ae00000)]
  0x000001eecff48000 JavaThread "Unconstrained build operations Thread 3" [_thread_blocked, id=13912, stack(0x0000009b6ae00000,0x0000009b6af00000)]
  0x000001eecff45800 JavaThread "Unconstrained build operations Thread 4" [_thread_blocked, id=11268, stack(0x0000009b6af00000,0x0000009b6b000000)]
  0x000001eecff49800 JavaThread "Unconstrained build operations Thread 5" [_thread_blocked, id=7480, stack(0x0000009b6b000000,0x0000009b6b100000)]
  0x000001eecff4a800 JavaThread "Unconstrained build operations Thread 6" [_thread_blocked, id=11788, stack(0x0000009b6b100000,0x0000009b6b200000)]
  0x000001eecff4c000 JavaThread "Unconstrained build operations Thread 7" [_thread_blocked, id=3392, stack(0x0000009b6b200000,0x0000009b6b300000)]
  0x000001eecff4c800 JavaThread "Unconstrained build operations Thread 8" [_thread_blocked, id=9356, stack(0x0000009b6b300000,0x0000009b6b400000)]
  0x000001eed0b04000 JavaThread "Unconstrained build operations Thread 9" [_thread_blocked, id=12576, stack(0x0000009b6b400000,0x0000009b6b500000)]
  0x000001eed0b02800 JavaThread "Unconstrained build operations Thread 10" [_thread_blocked, id=13448, stack(0x0000009b6b500000,0x0000009b6b600000)]
  0x000001eed0b05000 JavaThread "Unconstrained build operations Thread 11" [_thread_blocked, id=5232, stack(0x0000009b6b600000,0x0000009b6b700000)]
  0x000001eed0b03000 JavaThread "Unconstrained build operations Thread 12" [_thread_blocked, id=8292, stack(0x0000009b6b700000,0x0000009b6b800000)]
  0x000001eed0aff000 JavaThread "Unconstrained build operations Thread 13" [_thread_blocked, id=13896, stack(0x0000009b6b800000,0x0000009b6b900000)]
  0x000001eed0b05800 JavaThread "Unconstrained build operations Thread 14" [_thread_blocked, id=3092, stack(0x0000009b6b900000,0x0000009b6ba00000)]
  0x000001eed0b00000 JavaThread "Unconstrained build operations Thread 15" [_thread_blocked, id=12532, stack(0x0000009b6ba00000,0x0000009b6bb00000)]
  0x000001eed0b00800 JavaThread "Unconstrained build operations Thread 16" [_thread_blocked, id=3800, stack(0x0000009b6bb00000,0x0000009b6bc00000)]
  0x000001eed0b01800 JavaThread "Unconstrained build operations Thread 17" [_thread_blocked, id=10368, stack(0x0000009b6bc00000,0x0000009b6bd00000)]
  0x000001eed0b07000 JavaThread "Unconstrained build operations Thread 18" [_thread_blocked, id=1100, stack(0x0000009b6bd00000,0x0000009b6be00000)]
  0x000001eed0b09800 JavaThread "Unconstrained build operations Thread 19" [_thread_blocked, id=10740, stack(0x0000009b6be00000,0x0000009b6bf00000)]
  0x000001eed0b08000 JavaThread "Unconstrained build operations Thread 20" [_thread_blocked, id=11484, stack(0x0000009b6bf00000,0x0000009b6c000000)]
  0x000001eed0b0b800 JavaThread "Unconstrained build operations Thread 21" [_thread_blocked, id=10188, stack(0x0000009b6c000000,0x0000009b6c100000)]
  0x000001eed0b0a800 JavaThread "Unconstrained build operations Thread 22" [_thread_blocked, id=1296, stack(0x0000009b6c100000,0x0000009b6c200000)]
  0x000001eed0b09000 JavaThread "Unconstrained build operations Thread 23" [_thread_blocked, id=2580, stack(0x0000009b6c200000,0x0000009b6c300000)]
  0x000001eed0b0c000 JavaThread "Unconstrained build operations Thread 24" [_thread_blocked, id=8036, stack(0x0000009b6c300000,0x0000009b6c400000)]
  0x000001eed0b06800 JavaThread "Unconstrained build operations Thread 25" [_thread_blocked, id=11452, stack(0x0000009b6c400000,0x0000009b6c500000)]
  0x000001eed0b0d000 JavaThread "Unconstrained build operations Thread 26" [_thread_blocked, id=3480, stack(0x0000009b6c500000,0x0000009b6c600000)]
  0x000001eed0b0e000 JavaThread "Unconstrained build operations Thread 27" [_thread_blocked, id=10284, stack(0x0000009b6c600000,0x0000009b6c700000)]
  0x000001eed0b11800 JavaThread "Unconstrained build operations Thread 28" [_thread_blocked, id=2808, stack(0x0000009b6c700000,0x0000009b6c800000)]
  0x000001eed0b12800 JavaThread "Unconstrained build operations Thread 29" [_thread_blocked, id=9480, stack(0x0000009b6c800000,0x0000009b6c900000)]
  0x000001eed0b10800 JavaThread "Unconstrained build operations Thread 30" [_thread_blocked, id=9400, stack(0x0000009b6c900000,0x0000009b6ca00000)]
  0x000001eed0b13000 JavaThread "Unconstrained build operations Thread 31" [_thread_blocked, id=9428, stack(0x0000009b6ca00000,0x0000009b6cb00000)]
  0x000001eed0b15000 JavaThread "Unconstrained build operations Thread 32" [_thread_blocked, id=14056, stack(0x0000009b6cb00000,0x0000009b6cc00000)]
  0x000001eed0b14000 JavaThread "Unconstrained build operations Thread 33" [_thread_blocked, id=3840, stack(0x0000009b6cc00000,0x0000009b6cd00000)]
  0x000001eed0b0f000 JavaThread "Unconstrained build operations Thread 34" [_thread_blocked, id=12836, stack(0x0000009b6cd00000,0x0000009b6ce00000)]
  0x000001eed0b15800 JavaThread "Unconstrained build operations Thread 35" [_thread_blocked, id=8800, stack(0x0000009b6ce00000,0x0000009b6cf00000)]
  0x000001eed0b10000 JavaThread "Unconstrained build operations Thread 36" [_thread_blocked, id=1568, stack(0x0000009b6cf00000,0x0000009b6d000000)]
  0x000001eed0b19800 JavaThread "Unconstrained build operations Thread 37" [_thread_blocked, id=11580, stack(0x0000009b6d000000,0x0000009b6d100000)]
  0x000001eed0b18000 JavaThread "Unconstrained build operations Thread 38" [_thread_blocked, id=13500, stack(0x0000009b6d100000,0x0000009b6d200000)]
  0x000001eed0b1b800 JavaThread "Unconstrained build operations Thread 39" [_thread_blocked, id=13972, stack(0x0000009b6d200000,0x0000009b6d300000)]
  0x000001eed0b1a800 JavaThread "Unconstrained build operations Thread 40" [_thread_blocked, id=13148, stack(0x0000009b6d300000,0x0000009b6d400000)]

Other Threads:
=>0x000001eecb25d800 VMThread "VM Thread" [stack: 0x0000009b68300000,0x0000009b68400000] [id=8120]
  0x000001eecbd7f000 WatcherThread [stack: 0x0000009b68d00000,0x0000009b68e00000] [id=14636]
  0x000001eeb16bb800 GCTaskThread "GC Thread#0" [stack: 0x0000009b67e00000,0x0000009b67f00000] [id=8832]
  0x000001eecbeea800 GCTaskThread "GC Thread#1" [stack: 0x0000009b68e00000,0x0000009b68f00000] [id=14004]
  0x000001eecc25c800 GCTaskThread "GC Thread#2" [stack: 0x0000009b69900000,0x0000009b69a00000] [id=7496]
  0x000001eecd543000 GCTaskThread "GC Thread#3" [stack: 0x0000009b69a00000,0x0000009b69b00000] [id=7388]
  0x000001eeb16ee000 ConcurrentGCThread "G1 Main Marker" [stack: 0x0000009b67f00000,0x0000009b68000000] [id=5932]
  0x000001eeb16f1000 ConcurrentGCThread "G1 Conc#0" [stack: 0x0000009b68000000,0x0000009b68100000] [id=6220]
  0x000001eeb1748800 ConcurrentGCThread "G1 Refine#0" [stack: 0x0000009b68100000,0x0000009b68200000] [id=1748]
  0x000001eeb174c000 ConcurrentGCThread "G1 Young RemSet Sampling" [stack: 0x0000009b68200000,0x0000009b68300000] [id=6624]

Threads with active compile tasks:

VM state:at safepoint (normal execution)

VM Mutex/Monitor currently owned by a thread:  ([mutex/lock_event])
[0x000001eeb169f550] Threads_lock - owner thread: 0x000001eecb25d800
[0x000001eeb169f670] Heap_lock - owner thread: 0x000001eece002800

Heap address: 0x0000000080000000, size: 2048 MB, Compressed Oops mode: 32-bit
Narrow klass base: 0x0000000000000000, Narrow klass shift: 3
Compressed class space size: 1073741824 Address: 0x0000000100000000

Heap:
 garbage-first heap   total 133120K, used 72644K [0x0000000080000000, 0x0000000100000000)
  region size 1024K, 2 young (2048K), 2 survivors (2048K)
 Metaspace       used 51455K, capacity 53011K, committed 53248K, reserved 1095680K
  class space    used 6630K, capacity 7145K, committed 7168K, reserved 1048576K
Heap Regions: E=young(eden), S=young(survivor), O=old, HS=humongous(starts), HC=humongous(continues), CS=collection set, F=free, A=archive, TAMS=top-at-mark-start (previous, next)
|   0|0x0000000080000000, 0x0000000080100000, 0x0000000080100000|100%| O|  |TAMS 0x0000000080100000, 0x0000000080100000| Untracked 
|   1|0x0000000080100000, 0x0000000080200000, 0x0000000080200000|100%| O|  |TAMS 0x0000000080200000, 0x0000000080200000| Untracked 
|   2|0x0000000080200000, 0x0000000080300000, 0x0000000080300000|100%| O|  |TAMS 0x0000000080300000, 0x0000000080300000| Untracked 
|   3|0x0000000080300000, 0x0000000080400000, 0x0000000080400000|100%|HS|  |TAMS 0x0000000080400000, 0x0000000080400000| Complete 
|   4|0x0000000080400000, 0x0000000080500000, 0x0000000080500000|100%|HC|  |TAMS 0x0000000080500000, 0x0000000080500000| Complete 
|   5|0x0000000080500000, 0x0000000080600000, 0x0000000080600000|100%|HC|  |TAMS 0x0000000080600000, 0x0000000080600000| Complete 
|   6|0x0000000080600000, 0x0000000080700000, 0x0000000080700000|100%| O|  |TAMS 0x0000000080700000, 0x0000000080700000| Untracked 
|   7|0x0000000080700000, 0x0000000080800000, 0x0000000080800000|100%| O|  |TAMS 0x0000000080800000, 0x0000000080800000| Untracked 
|   8|0x0000000080800000, 0x0000000080900000, 0x0000000080900000|100%| O|  |TAMS 0x0000000080900000, 0x0000000080900000| Untracked 
|   9|0x0000000080900000, 0x0000000080a00000, 0x0000000080a00000|100%| O|  |TAMS 0x0000000080a00000, 0x0000000080a00000| Untracked 
|  10|0x0000000080a00000, 0x0000000080b00000, 0x0000000080b00000|100%| O|  |TAMS 0x0000000080b00000, 0x0000000080b00000| Untracked 
|  11|0x0000000080b00000, 0x0000000080c00000, 0x0000000080c00000|100%| O|  |TAMS 0x0000000080c00000, 0x0000000080c00000| Untracked 
|  12|0x0000000080c00000, 0x0000000080d00000, 0x0000000080d00000|100%| O|  |TAMS 0x0000000080d00000, 0x0000000080d00000| Untracked 
|  13|0x0000000080d00000, 0x0000000080e00000, 0x0000000080e00000|100%| O|  |TAMS 0x0000000080e00000, 0x0000000080e00000| Untracked 
|  14|0x0000000080e00000, 0x0000000080f00000, 0x0000000080f00000|100%| O|  |TAMS 0x0000000080f00000, 0x0000000080f00000| Untracked 
|  15|0x0000000080f00000, 0x0000000081000000, 0x0000000081000000|100%| O|  |TAMS 0x0000000081000000, 0x0000000081000000| Untracked 
|  16|0x0000000081000000, 0x0000000081100000, 0x0000000081100000|100%|HS|  |TAMS 0x0000000081100000, 0x0000000081100000| Complete 
|  17|0x0000000081100000, 0x0000000081200000, 0x0000000081200000|100%|HC|  |TAMS 0x0000000081200000, 0x0000000081200000| Complete 
|  18|0x0000000081200000, 0x0000000081300000, 0x0000000081300000|100%|HS|  |TAMS 0x0000000081300000, 0x0000000081300000| Complete 
|  19|0x0000000081300000, 0x0000000081400000, 0x0000000081400000|100%|HC|  |TAMS 0x0000000081400000, 0x0000000081400000| Complete 
|  20|0x0000000081400000, 0x0000000081500000, 0x0000000081500000|100%|HC|  |TAMS 0x0000000081500000, 0x0000000081500000| Complete 
|  21|0x0000000081500000, 0x0000000081600000, 0x0000000081600000|100%|HS|  |TAMS 0x0000000081600000, 0x0000000081600000| Complete 
|  22|0x0000000081600000, 0x0000000081700000, 0x0000000081700000|100%| O|  |TAMS 0x0000000081700000, 0x0000000081700000| Untracked 
|  23|0x0000000081700000, 0x0000000081800000, 0x0000000081800000|100%|HS|  |TAMS 0x0000000081800000, 0x0000000081800000| Complete 
|  24|0x0000000081800000, 0x0000000081900000, 0x0000000081900000|100%|HC|  |TAMS 0x0000000081900000, 0x0000000081900000| Complete 
|  25|0x0000000081900000, 0x0000000081a00000, 0x0000000081a00000|100%|HC|  |TAMS 0x0000000081a00000, 0x0000000081a00000| Complete 
|  26|0x0000000081a00000, 0x0000000081b00000, 0x0000000081b00000|100%|HC|  |TAMS 0x0000000081b00000, 0x0000000081b00000| Complete 
|  27|0x0000000081b00000, 0x0000000081c00000, 0x0000000081c00000|100%| O|  |TAMS 0x0000000081c00000, 0x0000000081c00000| Untracked 
|  28|0x0000000081c00000, 0x0000000081d00000, 0x0000000081d00000|100%| O|  |TAMS 0x0000000081d00000, 0x0000000081d00000| Untracked 
|  29|0x0000000081d00000, 0x0000000081e00000, 0x0000000081e00000|100%| O|  |TAMS 0x0000000081e00000, 0x0000000081e00000| Untracked 
|  30|0x0000000081e00000, 0x0000000081f00000, 0x0000000081f00000|100%| O|  |TAMS 0x0000000081f00000, 0x0000000081f00000| Untracked 
|  31|0x0000000081f00000, 0x0000000082000000, 0x0000000082000000|100%| O|  |TAMS 0x0000000082000000, 0x0000000082000000| Untracked 
|  32|0x0000000082000000, 0x0000000082100000, 0x0000000082100000|100%| O|  |TAMS 0x0000000082100000, 0x0000000082100000| Untracked 
|  33|0x0000000082100000, 0x0000000082200000, 0x0000000082200000|100%| O|  |TAMS 0x0000000082200000, 0x0000000082200000| Untracked 
|  34|0x0000000082200000, 0x0000000082300000, 0x0000000082300000|100%| O|  |TAMS 0x0000000082300000, 0x0000000082300000| Untracked 
|  35|0x0000000082300000, 0x0000000082400000, 0x0000000082400000|100%| O|  |TAMS 0x0000000082400000, 0x0000000082400000| Untracked 
|  36|0x0000000082400000, 0x0000000082500000, 0x0000000082500000|100%| O|  |TAMS 0x0000000082500000, 0x0000000082500000| Untracked 
|  37|0x0000000082500000, 0x0000000082600000, 0x0000000082600000|100%| O|  |TAMS 0x0000000082600000, 0x0000000082600000| Untracked 
|  38|0x0000000082600000, 0x0000000082700000, 0x0000000082700000|100%|HS|  |TAMS 0x0000000082700000, 0x0000000082700000| Complete 
|  39|0x0000000082700000, 0x0000000082800000, 0x0000000082800000|100%| O|  |TAMS 0x0000000082800000, 0x0000000082800000| Untracked 
|  40|0x0000000082800000, 0x0000000082900000, 0x0000000082900000|100%| O|  |TAMS 0x0000000082900000, 0x0000000082900000| Untracked 
|  41|0x0000000082900000, 0x0000000082a00000, 0x0000000082a00000|100%| O|  |TAMS 0x0000000082a00000, 0x0000000082a00000| Untracked 
|  42|0x0000000082a00000, 0x0000000082b00000, 0x0000000082b00000|100%| O|  |TAMS 0x0000000082b00000, 0x0000000082b00000| Untracked 
|  43|0x0000000082b00000, 0x0000000082c00000, 0x0000000082c00000|100%|HS|  |TAMS 0x0000000082c00000, 0x0000000082c00000| Complete 
|  44|0x0000000082c00000, 0x0000000082d00000, 0x0000000082d00000|100%|HC|  |TAMS 0x0000000082d00000, 0x0000000082d00000| Complete 
|  45|0x0000000082d00000, 0x0000000082e00000, 0x0000000082e00000|100%|HC|  |TAMS 0x0000000082e00000, 0x0000000082e00000| Complete 
|  46|0x0000000082e00000, 0x0000000082f00000, 0x0000000082f00000|100%| O|  |TAMS 0x0000000082f00000, 0x0000000082f00000| Untracked 
|  47|0x0000000082f00000, 0x0000000083000000, 0x0000000083000000|100%| O|  |TAMS 0x0000000083000000, 0x0000000083000000| Untracked 
|  48|0x0000000083000000, 0x0000000083100000, 0x0000000083100000|100%| O|  |TAMS 0x0000000083100000, 0x0000000083100000| Untracked 
|  49|0x0000000083100000, 0x0000000083200000, 0x0000000083200000|100%| O|  |TAMS 0x0000000083200000, 0x0000000083200000| Untracked 
|  50|0x0000000083200000, 0x0000000083300000, 0x0000000083300000|100%|HS|  |TAMS 0x0000000083300000, 0x0000000083300000| Complete 
|  51|0x0000000083300000, 0x0000000083400000, 0x0000000083400000|100%|HC|  |TAMS 0x0000000083400000, 0x0000000083400000| Complete 
|  52|0x0000000083400000, 0x0000000083500000, 0x0000000083500000|100%|HC|  |TAMS 0x0000000083500000, 0x0000000083500000| Complete 
|  53|0x0000000083500000, 0x0000000083600000, 0x0000000083600000|100%|HC|  |TAMS 0x0000000083600000, 0x0000000083600000| Complete 
|  54|0x0000000083600000, 0x0000000083700000, 0x0000000083700000|100%| O|  |TAMS 0x0000000083700000, 0x0000000083700000| Untracked 
|  55|0x0000000083700000, 0x0000000083800000, 0x0000000083800000|100%| O|  |TAMS 0x0000000083800000, 0x0000000083800000| Untracked 
|  56|0x0000000083800000, 0x0000000083900000, 0x0000000083900000|100%| O|  |TAMS 0x0000000083900000, 0x0000000083900000| Untracked 
|  57|0x0000000083900000, 0x0000000083a00000, 0x0000000083a00000|100%| O|  |TAMS 0x0000000083a00000, 0x0000000083a00000| Untracked 
|  58|0x0000000083a00000, 0x0000000083b00000, 0x0000000083b00000|100%|HS|  |TAMS 0x0000000083b00000, 0x0000000083b00000| Complete 
|  59|0x0000000083b00000, 0x0000000083c00000, 0x0000000083c00000|100%|HS|  |TAMS 0x0000000083c00000, 0x0000000083c00000| Complete 
|  60|0x0000000083c00000, 0x0000000083d00000, 0x0000000083d00000|100%|HS|  |TAMS 0x0000000083d00000, 0x0000000083d00000| Complete 
|  61|0x0000000083d00000, 0x0000000083e00000, 0x0000000083e00000|100%| O|  |TAMS 0x0000000083e00000, 0x0000000083e00000| Untracked 
|  62|0x0000000083e00000, 0x0000000083f00000, 0x0000000083f00000|100%| O|  |TAMS 0x0000000083e2f000, 0x0000000083f00000| Untracked 
|  63|0x0000000083f00000, 0x0000000084000000, 0x0000000084000000|100%|HS|  |TAMS 0x0000000083f00000, 0x0000000084000000| Complete 
|  64|0x0000000084000000, 0x0000000084100000, 0x0000000084100000|100%|HC|  |TAMS 0x0000000084000000, 0x0000000084100000| Complete 
|  65|0x0000000084100000, 0x0000000084200000, 0x0000000084200000|100%|HC|  |TAMS 0x0000000084100000, 0x0000000084200000| Complete 
|  66|0x0000000084200000, 0x0000000084300000, 0x0000000084300000|100%| O|  |TAMS 0x0000000084200000, 0x0000000084300000| Untracked 
|  67|0x0000000084300000, 0x0000000084400000, 0x0000000084400000|100%| O|  |TAMS 0x0000000084300000, 0x0000000084400000| Untracked 
|  68|0x0000000084400000, 0x0000000084500000, 0x0000000084500000|100%| O|  |TAMS 0x0000000084400000, 0x0000000084500000| Untracked 
|  69|0x0000000084500000, 0x0000000084515800, 0x0000000084600000|  8%| O|  |TAMS 0x0000000084500000, 0x0000000084515800| Untracked 
|  70|0x0000000084600000, 0x0000000084600000, 0x0000000084700000|  0%| F|  |TAMS 0x0000000084600000, 0x0000000084600000| Untracked 
|  71|0x0000000084700000, 0x0000000084700000, 0x0000000084800000|  0%| F|  |TAMS 0x0000000084700000, 0x0000000084700000| Untracked 
|  72|0x0000000084800000, 0x0000000084800000, 0x0000000084900000|  0%| F|  |TAMS 0x0000000084800000, 0x0000000084800000| Untracked 
|  73|0x0000000084900000, 0x0000000084900000, 0x0000000084a00000|  0%| F|  |TAMS 0x0000000084900000, 0x0000000084900000| Untracked 
|  74|0x0000000084a00000, 0x0000000084a00000, 0x0000000084b00000|  0%| F|  |TAMS 0x0000000084a00000, 0x0000000084a00000| Untracked 
|  75|0x0000000084b00000, 0x0000000084b00000, 0x0000000084c00000|  0%| F|  |TAMS 0x0000000084b00000, 0x0000000084b00000| Untracked 
|  76|0x0000000084c00000, 0x0000000084c00000, 0x0000000084d00000|  0%| F|  |TAMS 0x0000000084c00000, 0x0000000084c00000| Untracked 
|  77|0x0000000084d00000, 0x0000000084d00000, 0x0000000084e00000|  0%| F|  |TAMS 0x0000000084d00000, 0x0000000084d00000| Untracked 
|  78|0x0000000084e00000, 0x0000000084e00000, 0x0000000084f00000|  0%| F|  |TAMS 0x0000000084e00000, 0x0000000084e00000| Untracked 
|  79|0x0000000084f00000, 0x0000000084f00000, 0x0000000085000000|  0%| F|  |TAMS 0x0000000084f00000, 0x0000000084f00000| Untracked 
|  80|0x0000000085000000, 0x0000000085000000, 0x0000000085100000|  0%| F|  |TAMS 0x0000000085000000, 0x0000000085000000| Untracked 
|  81|0x0000000085100000, 0x0000000085100000, 0x0000000085200000|  0%| F|  |TAMS 0x0000000085100000, 0x0000000085100000| Untracked 
|  82|0x0000000085200000, 0x0000000085200000, 0x0000000085300000|  0%| F|  |TAMS 0x0000000085200000, 0x0000000085200000| Untracked 
|  83|0x0000000085300000, 0x0000000085300000, 0x0000000085400000|  0%| F|  |TAMS 0x0000000085300000, 0x0000000085300000| Untracked 
|  84|0x0000000085400000, 0x0000000085400000, 0x0000000085500000|  0%| F|  |TAMS 0x0000000085400000, 0x0000000085400000| Untracked 
|  85|0x0000000085500000, 0x0000000085500000, 0x0000000085600000|  0%| F|  |TAMS 0x0000000085500000, 0x0000000085500000| Untracked 
|  86|0x0000000085600000, 0x0000000085600000, 0x0000000085700000|  0%| F|  |TAMS 0x0000000085600000, 0x0000000085600000| Untracked 
|  87|0x0000000085700000, 0x0000000085700000, 0x0000000085800000|  0%| F|  |TAMS 0x0000000085700000, 0x0000000085700000| Untracked 
|  88|0x0000000085800000, 0x0000000085800000, 0x0000000085900000|  0%| F|  |TAMS 0x0000000085800000, 0x0000000085800000| Untracked 
|  89|0x0000000085900000, 0x0000000085900000, 0x0000000085a00000|  0%| F|  |TAMS 0x0000000085900000, 0x0000000085900000| Untracked 
|  90|0x0000000085a00000, 0x0000000085a00000, 0x0000000085b00000|  0%| F|  |TAMS 0x0000000085a00000, 0x0000000085a00000| Untracked 
|  91|0x0000000085b00000, 0x0000000085b00000, 0x0000000085c00000|  0%| F|  |TAMS 0x0000000085b00000, 0x0000000085b00000| Untracked 
|  92|0x0000000085c00000, 0x0000000085c00000, 0x0000000085d00000|  0%| F|  |TAMS 0x0000000085c00000, 0x0000000085c00000| Untracked 
|  93|0x0000000085d00000, 0x0000000085d00000, 0x0000000085e00000|  0%| F|  |TAMS 0x0000000085d00000, 0x0000000085d00000| Untracked 
|  94|0x0000000085e00000, 0x0000000085e00000, 0x0000000085f00000|  0%| F|  |TAMS 0x0000000085e00000, 0x0000000085e00000| Untracked 
|  95|0x0000000085f00000, 0x0000000085f00000, 0x0000000086000000|  0%| F|  |TAMS 0x0000000085f00000, 0x0000000085f00000| Untracked 
|  96|0x0000000086000000, 0x0000000086000000, 0x0000000086100000|  0%| F|  |TAMS 0x0000000086000000, 0x0000000086000000| Untracked 
|  97|0x0000000086100000, 0x0000000086100000, 0x0000000086200000|  0%| F|  |TAMS 0x0000000086100000, 0x0000000086100000| Untracked 
|  98|0x0000000086200000, 0x0000000086200000, 0x0000000086300000|  0%| F|  |TAMS 0x0000000086200000, 0x0000000086200000| Untracked 
|  99|0x0000000086300000, 0x0000000086300000, 0x0000000086400000|  0%| F|  |TAMS 0x0000000086300000, 0x0000000086300000| Untracked 
| 100|0x0000000086400000, 0x0000000086400000, 0x0000000086500000|  0%| F|  |TAMS 0x0000000086400000, 0x0000000086400000| Untracked 
| 101|0x0000000086500000, 0x0000000086500000, 0x0000000086600000|  0%| F|  |TAMS 0x0000000086500000, 0x0000000086500000| Untracked 
| 102|0x0000000086600000, 0x0000000086600000, 0x0000000086700000|  0%| F|  |TAMS 0x0000000086600000, 0x0000000086600000| Untracked 
| 103|0x0000000086700000, 0x00000000867db870, 0x0000000086800000| 85%| S|CS|TAMS 0x0000000086700000, 0x0000000086700000| Complete 
| 104|0x0000000086800000, 0x0000000086900000, 0x0000000086900000|100%| S|CS|TAMS 0x0000000086800000, 0x0000000086800000| Complete 
| 105|0x0000000086900000, 0x0000000086900000, 0x0000000086a00000|  0%| F|  |TAMS 0x0000000086900000, 0x0000000086900000| Untracked 
| 106|0x0000000086a00000, 0x0000000086a00000, 0x0000000086b00000|  0%| F|  |TAMS 0x0000000086a00000, 0x0000000086a00000| Untracked 
| 107|0x0000000086b00000, 0x0000000086b00000, 0x0000000086c00000|  0%| F|  |TAMS 0x0000000086b00000, 0x0000000086b00000| Untracked 

Card table byte_map: [0x000001eec45b0000,0x000001eec49b0000] _byte_map_base: 0x000001eec41b0000

Marking Bits (Prev, Next): (CMBitMap*) 0x000001eeb16e5110, (CMBitMap*) 0x000001eeb16e50d8
 Prev Bits: [0x000001eec6db0000, 0x000001eec8db0000)
 Next Bits: [0x000001eec4db0000, 0x000001eec6db0000)

Polling page: 0x000001eeaf560000

Metaspace:

Usage:
  Non-class:     44.79 MB capacity,    43.77 MB ( 98%) used,   900.92 KB (  2%) free+waste,   139.81 KB ( <1%) overhead. 
      Class:      6.98 MB capacity,     6.48 MB ( 93%) used,   447.17 KB (  6%) free+waste,    67.19 KB ( <1%) overhead. 
       Both:     51.77 MB capacity,    50.25 MB ( 97%) used,     1.32 MB (  3%) free+waste,   207.00 KB ( <1%) overhead. 

Virtual space:
  Non-class space:       46.00 MB reserved,      45.00 MB ( 98%) committed 
      Class space:        1.00 GB reserved,       7.00 MB ( <1%) committed 
             Both:        1.04 GB reserved,      52.00 MB (  5%) committed 

Chunk freelists:
   Non-Class:  22.00 KB
       Class:  23.00 KB
        Both:  45.00 KB

MaxMetaspaceSize: 17179869184.00 GB
CompressedClassSpaceSize: 1.00 GB
Initial GC threshold: 20.80 MB
Current GC threshold: 86.67 MB
CDS: off

CodeHeap 'non-profiled nmethods': size=120064Kb used=2653Kb max_used=2653Kb free=117410Kb
 bounds [0x000001eebcc70000, 0x000001eebcf10000, 0x000001eec41b0000]
CodeHeap 'profiled nmethods': size=120000Kb used=11868Kb max_used=11868Kb free=108131Kb
 bounds [0x000001eeb5740000, 0x000001eeb62e0000, 0x000001eebcc70000]
CodeHeap 'non-nmethods': size=5696Kb used=2300Kb max_used=2342Kb free=3395Kb
 bounds [0x000001eeb51b0000, 0x000001eeb5420000, 0x000001eeb5740000]
 total_blobs=6582 nmethods=5787 adapters=707
 compilation: enabled
              stopped_count=0, restarted_count=0
 full_count=0

Compilation events (20 events):
Event: 15.118 Thread 0x000001eecb2d3800 5806       4       org.codehaus.groovy.reflection.CachedMethod::compareToCachedMethod (160 bytes)
Event: 15.129 Thread 0x000001eecb2d3800 nmethod 5806 0x000001eebcefe490 code [0x000001eebcefe6a0, 0x000001eebcefefd0]
Event: 15.130 Thread 0x000001eecb2d3800 5817       4       org.codehaus.groovy.reflection.CachedMethod::compareTo (25 bytes)
Event: 15.141 Thread 0x000001eecb2d3800 nmethod 5817 0x000001eebceff690 code [0x000001eebceff8c0, 0x000001eebcf00140]
Event: 15.141 Thread 0x000001eecb2d3800 5819       4       java.util.zip.ZipFile$Source::initCEN (697 bytes)
Event: 15.202 Thread 0x000001eecb2d6000 5820       3       jdk.internal.loader.URLClassPath$JarLoader$1::run (5 bytes)
Event: 15.202 Thread 0x000001eecb2d6000 nmethod 5820 0x000001eeb62d3310 code [0x000001eeb62d34c0, 0x000001eeb62d3608]
Event: 15.202 Thread 0x000001eecb2d6000 5821       3       jdk.internal.loader.URLClassPath$JarLoader::getJarFile (102 bytes)
Event: 15.203 Thread 0x000001eecb2d6000 nmethod 5821 0x000001eeb62d3690 code [0x000001eeb62d39a0, 0x000001eeb62d47c8]
Event: 15.205 Thread 0x000001eecb2d6000 5822       3       jdk.internal.loader.URLClassPath$JarLoader::<init> (67 bytes)
Event: 15.207 Thread 0x000001eecb2d6000 nmethod 5822 0x000001eeb62d4d10 code [0x000001eeb62d4fe0, 0x000001eeb62d5db8]
Event: 15.291 Thread 0x000001eecb2d6000 5823       3       jdk.internal.util.jar.JarIndex::getJarIndex (28 bytes)
Event: 15.292 Thread 0x000001eecb2d6000 nmethod 5823 0x000001eeb62d6290 code [0x000001eeb62d64e0, 0x000001eeb62d6f08]
Event: 15.307 Thread 0x000001eecb2d3800 nmethod 5819 0x000001eebcf00790 code [0x000001eebcf00a80, 0x000001eebcf03860]
Event: 15.310 Thread 0x000001eecb2d3800 5824 %     4       java.util.jar.JarFile::match @ 14 (132 bytes)
Event: 15.316 Thread 0x000001eecb2d3800 nmethod 5824% 0x000001eebcf05190 code [0x000001eebcf05340, 0x000001eebcf05718]
Event: 15.336 Thread 0x000001eecb2d3800 5825       4       java.util.jar.Manifest::getTrustedAttributes (57 bytes)
Event: 15.363 Thread 0x000001eecb2d3800 nmethod 5825 0x000001eebcf05e90 code [0x000001eebcf06060, 0x000001eebcf06848]
Event: 15.465 Thread 0x000001eecb2d3800 5827       4       java.util.jar.JarFile::match (132 bytes)
Event: 15.473 Thread 0x000001eecb2d3800 nmethod 5827 0x000001eebcf06d90 code [0x000001eebcf06f40, 0x000001eebcf07258]

GC Heap History (20 events):
Event: 11.727 GC heap after
{Heap after GC invocations=22 (full 0):
 garbage-first heap   total 76800K, used 41900K [0x0000000080000000, 0x0000000100000000)
  region size 1024K, 2 young (2048K), 2 survivors (2048K)
 Metaspace       used 43368K, capacity 44472K, committed 44800K, reserved 1087488K
  class space    used 5597K, capacity 6029K, committed 6144K, reserved 1048576K
}
Event: 11.924 GC heap before
{Heap before GC invocations=23 (full 0):
 garbage-first heap   total 76800K, used 47020K [0x0000000080000000, 0x0000000100000000)
  region size 1024K, 9 young (9216K), 2 survivors (2048K)
 Metaspace       used 43714K, capacity 44858K, committed 45056K, reserved 1087488K
  class space    used 5650K, capacity 6086K, committed 6144K, reserved 1048576K
}
Event: 11.930 GC heap after
{Heap after GC invocations=24 (full 0):
 garbage-first heap   total 76800K, used 42710K [0x0000000080000000, 0x0000000100000000)
  region size 1024K, 3 young (3072K), 3 survivors (3072K)
 Metaspace       used 43714K, capacity 44858K, committed 45056K, reserved 1087488K
  class space    used 5650K, capacity 6086K, committed 6144K, reserved 1048576K
}
Event: 12.225 GC heap before
{Heap before GC invocations=25 (full 0):
 garbage-first heap   total 76800K, used 60118K [0x0000000080000000, 0x0000000100000000)
  region size 1024K, 18 young (18432K), 3 survivors (3072K)
 Metaspace       used 44311K, capacity 45581K, committed 45696K, reserved 1089536K
  class space    used 5729K, capacity 6217K, committed 6272K, reserved 1048576K
}
Event: 12.234 GC heap after
{Heap after GC invocations=26 (full 0):
 garbage-first heap   total 92160K, used 48991K [0x0000000080000000, 0x0000000100000000)
  region size 1024K, 3 young (3072K), 3 survivors (3072K)
 Metaspace       used 44311K, capacity 45581K, committed 45696K, reserved 1089536K
  class space    used 5729K, capacity 6217K, committed 6272K, reserved 1048576K
}
Event: 12.517 GC heap before
{Heap before GC invocations=27 (full 0):
 garbage-first heap   total 92160K, used 71519K [0x0000000080000000, 0x0000000100000000)
  region size 1024K, 24 young (24576K), 3 survivors (3072K)
 Metaspace       used 45933K, capacity 47182K, committed 47360K, reserved 1089536K
  class space    used 5838K, capacity 6323K, committed 6400K, reserved 1048576K
}
Event: 12.524 GC heap after
{Heap after GC invocations=28 (full 0):
 garbage-first heap   total 92160K, used 50446K [0x0000000080000000, 0x0000000100000000)
  region size 1024K, 2 young (2048K), 2 survivors (2048K)
 Metaspace       used 45933K, capacity 47182K, committed 47360K, reserved 1089536K
  class space    used 5838K, capacity 6323K, committed 6400K, reserved 1048576K
}
Event: 12.817 GC heap before
{Heap before GC invocations=28 (full 0):
 garbage-first heap   total 92160K, used 71950K [0x0000000080000000, 0x0000000100000000)
  region size 1024K, 23 young (23552K), 2 survivors (2048K)
 Metaspace       used 47163K, capacity 48399K, committed 48512K, reserved 1091584K
  class space    used 6047K, capacity 6514K, committed 6528K, reserved 1048576K
}
Event: 12.830 GC heap after
{Heap after GC invocations=29 (full 0):
 garbage-first heap   total 92160K, used 51865K [0x0000000080000000, 0x0000000100000000)
  region size 1024K, 2 young (2048K), 2 survivors (2048K)
 Metaspace       used 47163K, capacity 48399K, committed 48512K, reserved 1091584K
  class space    used 6047K, capacity 6514K, committed 6528K, reserved 1048576K
}
Event: 13.265 GC heap before
{Heap before GC invocations=30 (full 0):
 garbage-first heap   total 92160K, used 76441K [0x0000000080000000, 0x0000000100000000)
  region size 1024K, 22 young (22528K), 2 survivors (2048K)
 Metaspace       used 48706K, capacity 50053K, committed 50176K, reserved 1093632K
  class space    used 6306K, capacity 6789K, committed 6912K, reserved 1048576K
}
Event: 13.271 GC heap after
{Heap after GC invocations=31 (full 0):
 garbage-first heap   total 92160K, used 57922K [0x0000000080000000, 0x0000000100000000)
  region size 1024K, 3 young (3072K), 3 survivors (3072K)
 Metaspace       used 48706K, capacity 50053K, committed 50176K, reserved 1093632K
  class space    used 6306K, capacity 6789K, committed 6912K, reserved 1048576K
}
Event: 13.576 GC heap before
{Heap before GC invocations=31 (full 0):
 garbage-first heap   total 92160K, used 76354K [0x0000000080000000, 0x0000000100000000)
  region size 1024K, 21 young (21504K), 3 survivors (3072K)
 Metaspace       used 49990K, capacity 51434K, committed 51584K, reserved 1093632K
  class space    used 6498K, capacity 6993K, committed 7040K, reserved 1048576K
}
Event: 13.584 GC heap after
{Heap after GC invocations=32 (full 0):
 garbage-first heap   total 110592K, used 58556K [0x0000000080000000, 0x0000000100000000)
  region size 1024K, 3 young (3072K), 3 survivors (3072K)
 Metaspace       used 49990K, capacity 51434K, committed 51584K, reserved 1093632K
  class space    used 6498K, capacity 6993K, committed 7040K, reserved 1048576K
}
Event: 14.720 GC heap before
{Heap before GC invocations=33 (full 0):
 garbage-first heap   total 110592K, used 81084K [0x0000000080000000, 0x0000000100000000)
  region size 1024K, 26 young (26624K), 3 survivors (3072K)
 Metaspace       used 50999K, capacity 52550K, committed 52736K, reserved 1095680K
  class space    used 6586K, capacity 7104K, committed 7168K, reserved 1048576K
}
Event: 14.727 GC heap after
{Heap after GC invocations=34 (full 0):
 garbage-first heap   total 110592K, used 60166K [0x0000000080000000, 0x0000000100000000)
  region size 1024K, 3 young (3072K), 3 survivors (3072K)
 Metaspace       used 50999K, capacity 52550K, committed 52736K, reserved 1095680K
  class space    used 6586K, capacity 7104K, committed 7168K, reserved 1048576K
}
Event: 15.105 GC heap before
{Heap before GC invocations=34 (full 0):
 garbage-first heap   total 110592K, used 73478K [0x0000000080000000, 0x0000000100000000)
  region size 1024K, 18 young (18432K), 3 survivors (3072K)
 Metaspace       used 51407K, capacity 52947K, committed 52992K, reserved 1095680K
  class space    used 6622K, capacity 7145K, committed 7168K, reserved 1048576K
}
Event: 15.115 GC heap after
{Heap after GC invocations=35 (full 0):
 garbage-first heap   total 110592K, used 61163K [0x0000000080000000, 0x0000000100000000)
  region size 1024K, 3 young (3072K), 3 survivors (3072K)
 Metaspace       used 51407K, capacity 52947K, committed 52992K, reserved 1095680K
  class space    used 6622K, capacity 7145K, committed 7168K, reserved 1048576K
}
Event: 15.350 GC heap before
{Heap before GC invocations=36 (full 0):
 garbage-first heap   total 110592K, used 68331K [0x0000000080000000, 0x0000000100000000)
  region size 1024K, 8 young (8192K), 3 survivors (3072K)
 Metaspace       used 51445K, capacity 52947K, committed 52992K, reserved 1095680K
  class space    used 6628K, capacity 7145K, committed 7168K, reserved 1048576K
}
Event: 15.358 GC heap after
{Heap after GC invocations=37 (full 0):
 garbage-first heap   total 110592K, used 67772K [0x0000000080000000, 0x0000000100000000)
  region size 1024K, 4 young (4096K), 4 survivors (4096K)
 Metaspace       used 51445K, capacity 52947K, committed 52992K, reserved 1095680K
  class space    used 6628K, capacity 7145K, committed 7168K, reserved 1048576K
}
Event: 15.554 GC heap before
{Heap before GC invocations=38 (full 0):
 garbage-first heap   total 110592K, used 72892K [0x0000000080000000, 0x0000000100000000)
  region size 1024K, 7 young (7168K), 4 survivors (4096K)
 Metaspace       used 51455K, capacity 53011K, committed 53248K, reserved 1095680K
  class space    used 6630K, capacity 7145K, committed 7168K, reserved 1048576K
}

Deoptimization events (20 events):
Event: 14.665 Thread 0x000001eecff47000 DEOPT PACKING pc=0x000001eeb5ed28f4 sp=0x0000009b6adfce30
Event: 14.665 Thread 0x000001eecff47000 DEOPT UNPACKING pc=0x000001eeb51fa95e sp=0x0000009b6adfc3d0 mode 0
Event: 14.699 Thread 0x000001eecff4b000 DEOPT PACKING pc=0x000001eeb5ed28f4 sp=0x0000009b6acfcf40
Event: 14.699 Thread 0x000001eecff4b000 DEOPT UNPACKING pc=0x000001eeb51fa95e sp=0x0000009b6acfc4e0 mode 0
Event: 14.731 Thread 0x000001eecff4b000 DEOPT PACKING pc=0x000001eeb5ed28f4 sp=0x0000009b6acfcf40
Event: 14.731 Thread 0x000001eecff4b000 DEOPT UNPACKING pc=0x000001eeb51fa95e sp=0x0000009b6acfc4e0 mode 0
Event: 14.764 Thread 0x000001eed0b02800 DEOPT PACKING pc=0x000001eeb5ed28f4 sp=0x0000009b6b5fd9f0
Event: 14.764 Thread 0x000001eed0b02800 DEOPT UNPACKING pc=0x000001eeb51fa95e sp=0x0000009b6b5fcf90 mode 0
Event: 14.803 Thread 0x000001eecd521000 DEOPT PACKING pc=0x000001eeb5a70dfa sp=0x0000009b69dfe480
Event: 14.803 Thread 0x000001eecd521000 DEOPT UNPACKING pc=0x000001eeb51fa95e sp=0x0000009b69dfd8b8 mode 0
Event: 15.127 Thread 0x000001eece002800 DEOPT PACKING pc=0x000001eeb5c58604 sp=0x0000009b695ef3f0
Event: 15.127 Thread 0x000001eece002800 DEOPT UNPACKING pc=0x000001eeb51fa95e sp=0x0000009b695ee9c8 mode 0
Event: 15.151 Thread 0x000001eece002800 DEOPT PACKING pc=0x000001eeb5c58604 sp=0x0000009b695ef3f0
Event: 15.151 Thread 0x000001eece002800 DEOPT UNPACKING pc=0x000001eeb51fa95e sp=0x0000009b695ee9c8 mode 0
Event: 15.189 Thread 0x000001eece002800 DEOPT PACKING pc=0x000001eeb5c58604 sp=0x0000009b695ef3f0
Event: 15.189 Thread 0x000001eece002800 DEOPT UNPACKING pc=0x000001eeb51fa95e sp=0x0000009b695ee9c8 mode 0
Event: 15.465 Thread 0x000001eece002800 DEOPT PACKING pc=0x000001eeb5806a2e sp=0x0000009b695ef8f0
Event: 15.465 Thread 0x000001eece002800 DEOPT UNPACKING pc=0x000001eeb51fa95e sp=0x0000009b695eed60 mode 0
Event: 15.466 Thread 0x000001eece002800 DEOPT PACKING pc=0x000001eeb5806a2e sp=0x0000009b695ef8f0
Event: 15.466 Thread 0x000001eece002800 DEOPT UNPACKING pc=0x000001eeb51fa95e sp=0x0000009b695eed60 mode 0

Classes redefined (0 events):
No events

Internal exceptions (20 events):
Event: 15.172 Thread 0x000001eece002800 Exception <a 'java/security/PrivilegedActionException'{0x0000000086a5e5d8}> (0x0000000086a5e5d8) thrown at [./src/hotspot/share/prims/jvm.cpp, line 1306]
Event: 15.172 Thread 0x000001eece002800 Exception <a 'java/security/PrivilegedActionException'{0x0000000086a5fb40}> (0x0000000086a5fb40) thrown at [./src/hotspot/share/prims/jvm.cpp, line 1306]
Event: 15.172 Thread 0x000001eece002800 Exception <a 'java/security/PrivilegedActionException'{0x0000000086a62cf8}> (0x0000000086a62cf8) thrown at [./src/hotspot/share/prims/jvm.cpp, line 1306]
Event: 15.172 Thread 0x000001eece002800 Exception <a 'java/security/PrivilegedActionException'{0x0000000086a64260}> (0x0000000086a64260) thrown at [./src/hotspot/share/prims/jvm.cpp, line 1306]
Event: 15.173 Thread 0x000001eece002800 Exception <a 'java/security/PrivilegedActionException'{0x0000000086a67430}> (0x0000000086a67430) thrown at [./src/hotspot/share/prims/jvm.cpp, line 1306]
Event: 15.173 Thread 0x000001eece002800 Exception <a 'java/security/PrivilegedActionException'{0x0000000086a68998}> (0x0000000086a68998) thrown at [./src/hotspot/share/prims/jvm.cpp, line 1306]
Event: 15.173 Thread 0x000001eece002800 Exception <a 'java/security/PrivilegedActionException'{0x0000000086a6baf8}> (0x0000000086a6baf8) thrown at [./src/hotspot/share/prims/jvm.cpp, line 1306]
Event: 15.173 Thread 0x000001eece002800 Exception <a 'java/security/PrivilegedActionException'{0x0000000086a6d060}> (0x0000000086a6d060) thrown at [./src/hotspot/share/prims/jvm.cpp, line 1306]
Event: 15.313 Thread 0x000001eece002800 Exception <a 'java/security/PrivilegedActionException'{0x0000000086834120}> (0x0000000086834120) thrown at [./src/hotspot/share/prims/jvm.cpp, line 1306]
Event: 15.313 Thread 0x000001eece002800 Exception <a 'java/security/PrivilegedActionException'{0x0000000086835688}> (0x0000000086835688) thrown at [./src/hotspot/share/prims/jvm.cpp, line 1306]
Event: 15.313 Thread 0x000001eece002800 Exception <a 'java/security/PrivilegedActionException'{0x00000000868387e8}> (0x00000000868387e8) thrown at [./src/hotspot/share/prims/jvm.cpp, line 1306]
Event: 15.313 Thread 0x000001eece002800 Exception <a 'java/security/PrivilegedActionException'{0x0000000086839d50}> (0x0000000086839d50) thrown at [./src/hotspot/share/prims/jvm.cpp, line 1306]
Event: 15.313 Thread 0x000001eece002800 Exception <a 'java/security/PrivilegedActionException'{0x000000008683cf68}> (0x000000008683cf68) thrown at [./src/hotspot/share/prims/jvm.cpp, line 1306]
Event: 15.314 Thread 0x000001eece002800 Exception <a 'java/security/PrivilegedActionException'{0x000000008683e4d0}> (0x000000008683e4d0) thrown at [./src/hotspot/share/prims/jvm.cpp, line 1306]
Event: 15.314 Thread 0x000001eece002800 Exception <a 'java/security/PrivilegedActionException'{0x0000000086841638}> (0x0000000086841638) thrown at [./src/hotspot/share/prims/jvm.cpp, line 1306]
Event: 15.314 Thread 0x000001eece002800 Exception <a 'java/security/PrivilegedActionException'{0x0000000086842ba0}> (0x0000000086842ba0) thrown at [./src/hotspot/share/prims/jvm.cpp, line 1306]
Event: 15.314 Thread 0x000001eece002800 Exception <a 'java/security/PrivilegedActionException'{0x0000000086845d58}> (0x0000000086845d58) thrown at [./src/hotspot/share/prims/jvm.cpp, line 1306]
Event: 15.315 Thread 0x000001eece002800 Exception <a 'java/security/PrivilegedActionException'{0x00000000868472c0}> (0x00000000868472c0) thrown at [./src/hotspot/share/prims/jvm.cpp, line 1306]
Event: 15.315 Thread 0x000001eece002800 Exception <a 'java/security/PrivilegedActionException'{0x000000008684a4d8}> (0x000000008684a4d8) thrown at [./src/hotspot/share/prims/jvm.cpp, line 1306]
Event: 15.315 Thread 0x000001eece002800 Exception <a 'java/security/PrivilegedActionException'{0x000000008684ba40}> (0x000000008684ba40) thrown at [./src/hotspot/share/prims/jvm.cpp, line 1306]

Events (20 events):
Event: 15.338 loading class org/gradle/launcher/daemon/registry/PersistentDaemonRegistry$1 done
Event: 15.339 loading class org/gradle/cache/internal/SimpleStateCache$1
Event: 15.339 loading class org/gradle/cache/internal/SimpleStateCache$1 done
Event: 15.347 loading class org/gradle/launcher/daemon/server/DaemonRegistryUnavailableExpirationStrategy$1
Event: 15.347 loading class org/gradle/launcher/daemon/server/DaemonRegistryUnavailableExpirationStrategy$1 done
Event: 15.350 Executing VM operation: G1CollectForAllocation
Event: 15.358 Executing VM operation: G1CollectForAllocation done
Event: 15.363 loading class com/google/common/collect/Lists$TransformingSequentialList
Event: 15.363 loading class com/google/common/collect/Lists$TransformingSequentialList done
Event: 15.364 Executing VM operation: RevokeBias
Event: 15.365 Executing VM operation: RevokeBias done
Event: 15.365 loading class com/google/common/collect/Lists$TransformingSequentialList$1
Event: 15.365 loading class com/google/common/collect/Lists$TransformingSequentialList$1 done
Event: 15.366 loading class com/google/common/collect/TransformedListIterator
Event: 15.366 loading class com/google/common/collect/TransformedListIterator done
Event: 15.475 Executing VM operation: CGC_Operation
Event: 15.484 Executing VM operation: CGC_Operation done
Event: 15.541 Executing VM operation: CGC_Operation
Event: 15.541 Executing VM operation: CGC_Operation done
Event: 15.554 Executing VM operation: G1CollectForAllocation


Dynamic libraries:
0x00007ff69dd50000 - 0x00007ff69dd5a000 	C:\Program Files\Android\Android Studio\jre\bin\java.exe
0x00007ffede0d0000 - 0x00007ffede2c7000 	C:\WINDOWS\SYSTEM32\ntdll.dll
0x00007ffeb89f0000 - 0x00007ffeb8a06000 	C:\Program Files\AVAST Software\Avast\aswhook.dll
0x00007ffeddba0000 - 0x00007ffeddc5d000 	C:\WINDOWS\System32\KERNEL32.DLL
0x00007ffedb9d0000 - 0x00007ffedbc9d000 	C:\WINDOWS\System32\KERNELBASE.dll
0x00007ffedb8a0000 - 0x00007ffedb9a0000 	C:\WINDOWS\System32\ucrtbase.dll
0x00007ffecc870000 - 0x00007ffecc887000 	C:\Program Files\Android\Android Studio\jre\bin\VCRUNTIME140.dll
0x00007ffed6e20000 - 0x00007ffed6e39000 	C:\Program Files\Android\Android Studio\jre\bin\jli.dll
0x00007ffedcbf0000 - 0x00007ffedcd90000 	C:\WINDOWS\System32\USER32.dll
0x00007ffedb9a0000 - 0x00007ffedb9c2000 	C:\WINDOWS\System32\win32u.dll
0x00007ffec9c70000 - 0x00007ffec9f0a000 	C:\WINDOWS\WinSxS\amd64_microsoft.windows.common-controls_6595b64144ccf1df_6.0.19041.1110_none_60b5254171f9507e\COMCTL32.dll
0x00007ffeddd10000 - 0x00007ffeddd3a000 	C:\WINDOWS\System32\GDI32.dll
0x00007ffeddff0000 - 0x00007ffede08e000 	C:\WINDOWS\System32\msvcrt.dll
0x00007ffedbca0000 - 0x00007ffedbdab000 	C:\WINDOWS\System32\gdi32full.dll
0x00007ffedbe70000 - 0x00007ffedbf0d000 	C:\WINDOWS\System32\msvcp_win.dll
0x00007ffedde40000 - 0x00007ffedde70000 	C:\WINDOWS\System32\IMM32.DLL
0x00007ffeabdc0000 - 0x00007ffeabe5d000 	C:\Program Files\Android\Android Studio\jre\bin\msvcp140.dll
0x00007ffe9cf60000 - 0x00007ffe9da45000 	C:\Program Files\Android\Android Studio\jre\bin\server\jvm.dll
0x00007ffedd820000 - 0x00007ffedd8ce000 	C:\WINDOWS\System32\ADVAPI32.dll
0x00007ffedded0000 - 0x00007ffeddf6c000 	C:\WINDOWS\System32\sechost.dll
0x00007ffedd680000 - 0x00007ffedd7a5000 	C:\WINDOWS\System32\RPCRT4.dll
0x00007ffedc880000 - 0x00007ffedc888000 	C:\WINDOWS\System32\PSAPI.DLL
0x00007ffec5c40000 - 0x00007ffec5c67000 	C:\WINDOWS\SYSTEM32\WINMM.dll
0x00007ffed1e10000 - 0x00007ffed1e1a000 	C:\WINDOWS\SYSTEM32\VERSION.dll
0x00007ffec4fe0000 - 0x00007ffec4fe9000 	C:\WINDOWS\SYSTEM32\WSOCK32.dll
0x00007ffedddd0000 - 0x00007ffedde3b000 	C:\WINDOWS\System32\ws2_32.DLL
0x00007ffeda0d0000 - 0x00007ffeda0e2000 	C:\WINDOWS\SYSTEM32\kernel.appcore.dll
0x00007ffed4cc0000 - 0x00007ffed4cd1000 	C:\Program Files\Android\Android Studio\jre\bin\verify.dll
0x00007ffed9d80000 - 0x00007ffed9f64000 	C:\WINDOWS\SYSTEM32\DBGHELP.DLL
0x00007ffecaca0000 - 0x00007ffecaccc000 	C:\WINDOWS\SYSTEM32\dbgcore.DLL
0x00007ffedc0a0000 - 0x00007ffedc122000 	C:\WINDOWS\System32\bcryptPrimitives.dll
0x00007ffecc3a0000 - 0x00007ffecc3c9000 	C:\Program Files\Android\Android Studio\jre\bin\java.dll
0x00007ffed7420000 - 0x00007ffed742b000 	C:\Program Files\Android\Android Studio\jre\bin\jimage.dll
0x00007ffed45e0000 - 0x00007ffed45f8000 	C:\Program Files\Android\Android Studio\jre\bin\zip.dll
0x00007ffedc130000 - 0x00007ffedc874000 	C:\WINDOWS\System32\SHELL32.dll
0x00007ffed9510000 - 0x00007ffed9ca4000 	C:\WINDOWS\SYSTEM32\windows.storage.dll
0x00007ffedc890000 - 0x00007ffedcbe4000 	C:\WINDOWS\System32\combase.dll
0x00007ffedb250000 - 0x00007ffedb27c000 	C:\WINDOWS\SYSTEM32\Wldp.dll
0x00007ffedd280000 - 0x00007ffedd32d000 	C:\WINDOWS\System32\SHCORE.dll
0x00007ffedd330000 - 0x00007ffedd385000 	C:\WINDOWS\System32\shlwapi.dll
0x00007ffedb730000 - 0x00007ffedb74f000 	C:\WINDOWS\SYSTEM32\profapi.dll
0x00007ffecd430000 - 0x00007ffecd44a000 	C:\Program Files\Android\Android Studio\jre\bin\net.dll
0x00007ffec9960000 - 0x00007ffec9a6a000 	C:\WINDOWS\SYSTEM32\WINHTTP.dll
0x00007ffedafb0000 - 0x00007ffedb01a000 	C:\WINDOWS\system32\mswsock.dll
0x00007ffecc330000 - 0x00007ffecc344000 	C:\Program Files\Android\Android Studio\jre\bin\nio.dll
0x00007ffecc890000 - 0x00007ffecc8b7000 	C:\Users\daian\.gradle\native\e1d6ef7f7dcc3fd88c89a11ec53ec762bb8ba0a96d01ffa2cd45eb1d1d8dd5c5\windows-amd64\native-platform.dll
0x00007ffea9660000 - 0x00007ffea97a4000 	C:\Users\daian\.gradle\native\5664cfc778a61ccfe75a443a1ab52a65af34e5dc3c78e0209fed803814484fcb\windows-amd64\native-platform-file-events.dll
0x00007ffed7390000 - 0x00007ffed739a000 	C:\Program Files\Android\Android Studio\jre\bin\management.dll
0x00007ffed7110000 - 0x00007ffed711d000 	C:\Program Files\Android\Android Studio\jre\bin\management_ext.dll
0x00007ffedb1a0000 - 0x00007ffedb1b8000 	C:\WINDOWS\SYSTEM32\CRYPTSP.dll
0x00007ffeda8c0000 - 0x00007ffeda8f4000 	C:\WINDOWS\system32\rsaenh.dll
0x00007ffedc070000 - 0x00007ffedc097000 	C:\WINDOWS\System32\bcrypt.dll
0x00007ffedb6b0000 - 0x00007ffedb6de000 	C:\WINDOWS\SYSTEM32\USERENV.dll
0x00007ffedb1c0000 - 0x00007ffedb1cc000 	C:\WINDOWS\SYSTEM32\CRYPTBASE.dll
0x00007ffedac50000 - 0x00007ffedac8b000 	C:\WINDOWS\SYSTEM32\IPHLPAPI.DLL
0x00007ffedd670000 - 0x00007ffedd678000 	C:\WINDOWS\System32\NSI.dll
0x00007ffed2e80000 - 0x00007ffed2e97000 	C:\WINDOWS\SYSTEM32\dhcpcsvc6.DLL
0x00007ffed2ec0000 - 0x00007ffed2edd000 	C:\WINDOWS\SYSTEM32\dhcpcsvc.DLL
0x00007ffedac90000 - 0x00007ffedad5b000 	C:\WINDOWS\SYSTEM32\DNSAPI.dll

dbghelp: loaded successfully - version: 4.0.5 - missing functions: none
symbol engine: initialized successfully - sym options: 0x614 - pdb path: .;C:\Program Files\Android\Android Studio\jre\bin;C:\WINDOWS\SYSTEM32;C:\Program Files\AVAST Software\Avast;C:\WINDOWS\WinSxS\amd64_microsoft.windows.common-controls_6595b64144ccf1df_6.0.19041.1110_none_60b5254171f9507e;C:\Program Files\Android\Android Studio\jre\bin\server;C:\Users\daian\.gradle\native\e1d6ef7f7dcc3fd88c89a11ec53ec762bb8ba0a96d01ffa2cd45eb1d1d8dd5c5\windows-amd64;C:\Users\daian\.gradle\native\5664cfc778a61ccfe75a443a1ab52a65af34e5dc3c78e0209fed803814484fcb\windows-amd64

VM Arguments:
jvm_args: --add-opens=java.base/java.util=ALL-UNNAMED --add-opens=java.base/java.lang=ALL-UNNAMED --add-opens=java.base/java.lang.invoke=ALL-UNNAMED --add-opens=java.base/java.util=ALL-UNNAMED --add-opens=java.prefs/java.util.prefs=ALL-UNNAMED --add-opens=java.prefs/java.util.prefs=ALL-UNNAMED --add-opens=java.base/java.nio.charset=ALL-UNNAMED --add-opens=java.base/java.net=ALL-UNNAMED --add-opens=java.base/java.util.concurrent.atomic=ALL-UNNAMED -Xmx2048m -Dfile.encoding=UTF-8 -Duser.country=RU -Duser.language=ru -Duser.variant 
java_command: org.gradle.launcher.daemon.bootstrap.GradleDaemon 7.3.3
java_class_path (initial): C:\Users\daian\.gradle\wrapper\dists\gradle-7.3.3-bin\6a41zxkdtcxs8rphpq6y0069z\gradle-7.3.3\lib\gradle-launcher-7.3.3.jar
Launcher Type: SUN_STANDARD

[Global flags]
     intx CICompilerCount                          = 3                                         {product} {ergonomic}
     uint ConcGCThreads                            = 1                                         {product} {ergonomic}
     uint G1ConcRefinementThreads                  = 4                                         {product} {ergonomic}
   size_t G1HeapRegionSize                         = 1048576                                   {product} {ergonomic}
    uintx GCDrainStackTargetSize                   = 64                                        {product} {ergonomic}
   size_t InitialHeapSize                          = 65011712                                  {product} {ergonomic}
   size_t MarkStackSize                            = 4194304                                   {product} {ergonomic}
   size_t MaxHeapSize                              = 2147483648                                {product} {command line}
   size_t MaxNewSize                               = 1287651328                                {product} {ergonomic}
   size_t MinHeapDeltaBytes                        = 1048576                                   {product} {ergonomic}
    uintx NonNMethodCodeHeapSize                   = 5830732                                {pd product} {ergonomic}
    uintx NonProfiledCodeHeapSize                  = 122913754                              {pd product} {ergonomic}
    uintx ProfiledCodeHeapSize                     = 122913754                              {pd product} {ergonomic}
    uintx ReservedCodeCacheSize                    = 251658240                              {pd product} {ergonomic}
     bool SegmentedCodeCache                       = true                                      {product} {ergonomic}
     bool UseCompressedClassPointers               = true                                 {lp64_product} {ergonomic}
     bool UseCompressedOops                        = true                                 {lp64_product} {ergonomic}
     bool UseG1GC                                  = true                                      {product} {ergonomic}
     bool UseLargePagesIndividualAllocation        = false                                  {pd product} {ergonomic}

Logging:
Log output configuration:
 #0: stdout all=warning uptime,level,tags
 #1: stderr all=off uptime,level,tags

Environment Variables:
PATH=C:\Program Files\Common Files\Oracle\Java\javapath;C:\Program Files (x86)\Common Files\Oracle\Java\javapath;C:\Program Files (x86)\NVIDIA Corporation\PhysX\Common;C:\Program Files (x86)\Intel\Intel(R) Management Engine Components\iCLS\;C:\Program Files\Intel\Intel(R) Management Engine Components\iCLS\;C:\WINDOWS\system32;C:\WINDOWS;C:\WINDOWS\System32\Wbem;C:\WINDOWS\System32\WindowsPowerShell\v1.0\;C:\Program Files (x86)\Intel\Intel(R) Management Engine Components\DAL;C:\Program Files\Intel\Intel(R) Management Engine Components\DAL;C:\Program Files (x86)\Intel\Intel(R) Management Engine Components\IPT;C:\Program Files\Intel\Intel(R) Management Engine Components\IPT;C:\WINDOWS\System32\OpenSSH\;C:\Program Files (x86)\AMD\ATI.ACE\Core-Static;C:\Program Files (x86)\Brackets\command;C:\Program Files\Polyspace\R2020b\runtime\win64;C:\Program Files\Polyspace\R2020b\bin;C:\Program Files\Git\cmd;C:\Users\daian\AppData\Local\Microsoft\WindowsApps;
USERNAME=daian
OS=Windows_NT
PROCESSOR_IDENTIFIER=Intel64 Family 6 Model 142 Stepping 9, GenuineIntel



---------------  S Y S T E M  ---------------

OS: Windows 10 , 64 bit Build 19041 (10.0.19041.1741)
OS uptime: 5 days 9:13 hours

CPU:total 4 (initial active 4) (2 cores per cpu, 2 threads per core) family 6 model 142 stepping 9 microcode 0xb4, cmov, cx8, fxsr, mmx, sse, sse2, sse3, ssse3, sse4.1, sse4.2, popcnt, avx, avx2, aes, clmul, erms, 3dnowpref, lzcnt, ht, tsc, tscinvbit, bmi1, bmi2, adx, fma

Memory: 4k page, system-wide physical 3961M (118M free)
TotalPageFile size 16249M (AvailPageFile size 22M)
current process WorkingSet (physical memory assigned to process): 192M, peak: 208M
current process commit charge ("private bytes"): 288M, peak: 310M

vm_info: OpenJDK 64-Bit Server VM (11.0.12+7-b1504.28-7817840) for windows-amd64 JRE (11.0.12+7-b1504.28-7817840), built on Oct 13 2021 22:12:33 by "builder" with MS VC++ 14.0 (VS2015)

END.
